C:\USERS\ROBS\DOCUMENTS\VISUAL STUDIO 2012\PROJECTS\ASTEROIDS\ASTEROIDS\DEBUG\ASTEROID.OBJ
C:\USERS\ROBS\DOCUMENTS\VISUAL STUDIO 2012\PROJECTS\ASTEROIDS\ASTEROIDS\DEBUG\BULLET.OBJ
C:\USERS\ROBS\DOCUMENTS\VISUAL STUDIO 2012\PROJECTS\ASTEROIDS\ASTEROIDS\DEBUG\SHIP.OBJ
C:\USERS\ROBS\DOCUMENTS\VISUAL STUDIO 2012\PROJECTS\ASTEROIDS\ASTEROIDS\DEBUG\MAIN.OBJ
C:\USERS\ROBS\DOCUMENTS\VISUAL STUDIO 2012\PROJECTS\ASTEROIDS\ASTEROIDS\DEBUG\VC110.PDB
C:\USERS\ROBS\DOCUMENTS\VISUAL STUDIO 2012\PROJECTS\ASTEROIDS\ASTEROIDS\DEBUG\OBJ.OBJ
C:\Users\Robs\documents\visual studio 2012\Projects\Asteroids\Asteroids\Debug\Asteroid.obj
C:\Users\Robs\documents\visual studio 2012\Projects\Asteroids\Asteroids\Debug\Bullet.obj
C:\Users\Robs\documents\visual studio 2012\Projects\Asteroids\Asteroids\Debug\main.obj
C:\Users\Robs\documents\visual studio 2012\Projects\Asteroids\Asteroids\Debug\Obj.obj
C:\Users\Robs\documents\visual studio 2012\Projects\Asteroids\Asteroids\Debug\Ship.obj
C:\Users\Robs\documents\visual studio 2012\Projects\Asteroids\Asteroids\Debug\cl.command.1.tlog
C:\Users\Robs\documents\visual studio 2012\Projects\Asteroids\Asteroids\Debug\CL.read.1.tlog
C:\Users\Robs\documents\visual studio 2012\Projects\Asteroids\Asteroids\Debug\CL.write.1.tlog
C:\Users\Robs\documents\visual studio 2012\Projects\Asteroids\Asteroids\Debug\link-cvtres.read.1.tlog
C:\Users\Robs\documents\visual studio 2012\Projects\Asteroids\Asteroids\Debug\link-cvtres.write.1.tlog
C:\Users\Robs\documents\visual studio 2012\Projects\Asteroids\Asteroids\Debug\link-rc.read.1.tlog
C:\Users\Robs\documents\visual studio 2012\Projects\Asteroids\Asteroids\Debug\link-rc.write.1.tlog
C:\Users\Robs\documents\visual studio 2012\Projects\Asteroids\Asteroids\Debug\link.1040-cvtres.read.1.tlog
C:\Users\Robs\documents\visual studio 2012\Projects\Asteroids\Asteroids\Debug\link.1040-cvtres.write.1.tlog
C:\Users\Robs\documents\visual studio 2012\Projects\Asteroids\Asteroids\Debug\link.1040-rc.read.1.tlog
C:\Users\Robs\documents\visual studio 2012\Projects\Asteroids\Asteroids\Debug\link.1040-rc.write.1.tlog
C:\Users\Robs\documents\visual studio 2012\Projects\Asteroids\Asteroids\Debug\link.1040.read.1.tlog
C:\Users\Robs\documents\visual studio 2012\Projects\Asteroids\Asteroids\Debug\link.1040.write.1.tlog
C:\Users\Robs\documents\visual studio 2012\Projects\Asteroids\Asteroids\Debug\link.2920-cvtres.read.1.tlog
C:\Users\Robs\documents\visual studio 2012\Projects\Asteroids\Asteroids\Debug\link.2920-cvtres.write.1.tlog
C:\Users\Robs\documents\visual studio 2012\Projects\Asteroids\Asteroids\Debug\link.2920-rc.read.1.tlog
C:\Users\Robs\documents\visual studio 2012\Projects\Asteroids\Asteroids\Debug\link.2920-rc.write.1.tlog
C:\Users\Robs\documents\visual studio 2012\Projects\Asteroids\Asteroids\Debug\link.2920.read.1.tlog
C:\Users\Robs\documents\visual studio 2012\Projects\Asteroids\Asteroids\Debug\link.2920.write.1.tlog
C:\Users\Robs\documents\visual studio 2012\Projects\Asteroids\Asteroids\Debug\link.2952-cvtres.read.1.tlog
C:\Users\Robs\documents\visual studio 2012\Projects\Asteroids\Asteroids\Debug\link.2952-cvtres.write.1.tlog
C:\Users\Robs\documents\visual studio 2012\Projects\Asteroids\Asteroids\Debug\link.2952-rc.read.1.tlog
C:\Users\Robs\documents\visual studio 2012\Projects\Asteroids\Asteroids\Debug\link.2952-rc.write.1.tlog
C:\Users\Robs\documents\visual studio 2012\Projects\Asteroids\Asteroids\Debug\link.2952.read.1.tlog
C:\Users\Robs\documents\visual studio 2012\Projects\Asteroids\Asteroids\Debug\link.2952.write.1.tlog
C:\Users\Robs\documents\visual studio 2012\Projects\Asteroids\Asteroids\Debug\link.4188-cvtres.read.1.tlog
C:\Users\Robs\documents\visual studio 2012\Projects\Asteroids\Asteroids\Debug\link.4188-cvtres.write.1.tlog
C:\Users\Robs\documents\visual studio 2012\Projects\Asteroids\Asteroids\Debug\link.4188-rc.read.1.tlog
C:\Users\Robs\documents\visual studio 2012\Projects\Asteroids\Asteroids\Debug\link.4188-rc.write.1.tlog
C:\Users\Robs\documents\visual studio 2012\Projects\Asteroids\Asteroids\Debug\link.4188.read.1.tlog
C:\Users\Robs\documents\visual studio 2012\Projects\Asteroids\Asteroids\Debug\link.4188.write.1.tlog
C:\Users\Robs\documents\visual studio 2012\Projects\Asteroids\Asteroids\Debug\link.5868-cvtres.read.1.tlog
C:\Users\Robs\documents\visual studio 2012\Projects\Asteroids\Asteroids\Debug\link.5868-cvtres.write.1.tlog
C:\Users\Robs\documents\visual studio 2012\Projects\Asteroids\Asteroids\Debug\link.5868-rc.read.1.tlog
C:\Users\Robs\documents\visual studio 2012\Projects\Asteroids\Asteroids\Debug\link.5868-rc.write.1.tlog
C:\Users\Robs\documents\visual studio 2012\Projects\Asteroids\Asteroids\Debug\link.5868.read.1.tlog
C:\Users\Robs\documents\visual studio 2012\Projects\Asteroids\Asteroids\Debug\link.5868.write.1.tlog
C:\Users\Robs\documents\visual studio 2012\Projects\Asteroids\Asteroids\Debug\link.5880-cvtres.read.1.tlog
C:\Users\Robs\documents\visual studio 2012\Projects\Asteroids\Asteroids\Debug\link.5880-cvtres.write.1.tlog
C:\Users\Robs\documents\visual studio 2012\Projects\Asteroids\Asteroids\Debug\link.5880-rc.read.1.tlog
C:\Users\Robs\documents\visual studio 2012\Projects\Asteroids\Asteroids\Debug\link.5880-rc.write.1.tlog
C:\Users\Robs\documents\visual studio 2012\Projects\Asteroids\Asteroids\Debug\link.5880.read.1.tlog
C:\Users\Robs\documents\visual studio 2012\Projects\Asteroids\Asteroids\Debug\link.5880.write.1.tlog
C:\Users\Robs\documents\visual studio 2012\Projects\Asteroids\Asteroids\Debug\link.836-cvtres.read.1.tlog
C:\Users\Robs\documents\visual studio 2012\Projects\Asteroids\Asteroids\Debug\link.836-cvtres.write.1.tlog
C:\Users\Robs\documents\visual studio 2012\Projects\Asteroids\Asteroids\Debug\link.836-rc.read.1.tlog
C:\Users\Robs\documents\visual studio 2012\Projects\Asteroids\Asteroids\Debug\link.836-rc.write.1.tlog
C:\Users\Robs\documents\visual studio 2012\Projects\Asteroids\Asteroids\Debug\link.836.read.1.tlog
C:\Users\Robs\documents\visual studio 2012\Projects\Asteroids\Asteroids\Debug\link.836.write.1.tlog
C:\Users\Robs\documents\visual studio 2012\Projects\Asteroids\Asteroids\Debug\link.command.1.tlog
C:\Users\Robs\documents\visual studio 2012\Projects\Asteroids\Asteroids\Debug\link.read.1.tlog
C:\Users\Robs\documents\visual studio 2012\Projects\Asteroids\Asteroids\Debug\link.write.1.tlog
C:\Users\Robs\documents\visual studio 2012\Projects\Asteroids\Asteroids\Debug\vc110.idb
C:\Users\Robs\documents\visual studio 2012\Projects\Asteroids\Asteroids\Debug\vc110.pdb
C:\Users\Robs\documents\visual studio 2012\Projects\Asteroids\Debug\Asteroids.pdb
