Build started 2016-10-19 11:40:03.
     1>Project "C:\Users\Robs\documents\visual studio 2012\Projects\Asteroids\Asteroids\Asteroids.vcxproj" on node 2 (Build target(s)).
     1>ClCompile:
         D:\Programy\Microsoft Visual Studio 11.0\VC\bin\CL.exe /c /ZI /nologo /W3 /WX- /Od /Oy- /D _MBCS /Gm /EHsc /RTC1 /MDd /GS /fp:precise /Zc:wchar_t /Zc:forScope /Fo"Debug\\" /Fd"Debug\vc110.pdb" /Gd /TP /analyze- /errorReport:prompt Asteroid.cpp Obj.cpp Ship.cpp main.cpp
         main.cpp
         Ship.cpp
         Obj.cpp
     1>c:\users\robs\documents\visual studio 2012\projects\asteroids\asteroids\obj.cpp(66): warning C4018: '<' : signed/unsigned mismatch
     1>c:\users\robs\documents\visual studio 2012\projects\asteroids\asteroids\obj.cpp(72): warning C4018: '<' : signed/unsigned mismatch
         Asteroid.cpp
         Generating Code...
       Link:
         D:\Programy\Microsoft Visual Studio 11.0\VC\bin\link.exe /ERRORREPORT:PROMPT /OUT:"C:\Users\Robs\documents\visual studio 2012\Projects\Asteroids\Debug\Asteroids.exe" /INCREMENTAL /NOLOGO kernel32.lib user32.lib gdi32.lib winspool.lib comdlg32.lib advapi32.lib shell32.lib ole32.lib oleaut32.lib uuid.lib odbc32.lib odbccp32.lib /MANIFEST /MANIFESTUAC:"level='asInvoker' uiAccess='false'" /manifest:embed /DEBUG /PDB:"C:\Users\Robs\documents\visual studio 2012\Projects\Asteroids\Debug\Asteroids.pdb" /TLBID:1 /DYNAMICBASE /NXCOMPAT /IMPLIB:"C:\Users\Robs\documents\visual studio 2012\Projects\Asteroids\Debug\Asteroids.lib" /MACHINE:X86 Debug\Asteroid.obj
         Debug\Bullet.obj
         Debug\main.obj
         Debug\Obj.obj
         Debug\Ship.obj
         Asteroids.vcxproj -> C:\Users\Robs\documents\visual studio 2012\Projects\Asteroids\Debug\Asteroids.exe
     1>Done Building Project "C:\Users\Robs\documents\visual studio 2012\Projects\Asteroids\Asteroids\Asteroids.vcxproj" (Build target(s)).

Build succeeded.

Time Elapsed 00:00:26.87
